<?xml version="1.0" encoding="UTF-8"?>
<!-- Generated by org.testng.reporters.JUnitReportReporter -->
<testsuite skipped="0" hostname="DESKTOP-FID49DI" name="com.tests.SauceDemoUI_Test" tests="6" failures="0" timestamp="12 Jul 2021 05:23:54 GMT" time="4.901" errors="0">
  <testcase name="negative_NoInput" time="2.722" classname="com.tests.SauceDemoUI_Test"/>
  <testcase name="negative_onlyUname_input" time="0.811" classname="com.tests.SauceDemoUI_Test"/>
  <testcase name="negative_Uname_input_OnlyCharas" time="0.454" classname="com.tests.SauceDemoUI_Test"/>
  <testcase name="negative_Uname_input_OnlySpl_Chars" time="0.320" classname="com.tests.SauceDemoUI_Test"/>
  <testcase name="negative_Uname_input_Only_Numericals" time="0.324" classname="com.tests.SauceDemoUI_Test"/>
  <testcase name="negativeTest_Username_input_Numericals_and_SpecialChars" time="0.270" classname="com.tests.SauceDemoUI_Test"/>
</testsuite> <!-- com.tests.SauceDemoUI_Test -->
