<?xml version="1.0" encoding="UTF-8"?>
<!-- Generated by org.testng.reporters.JUnitReportReporter -->
<testsuite skipped="0" hostname="DESKTOP-FID49DI" name="com.tests.SauceDemoTest" tests="6" failures="0" timestamp="30 Jun 2021 15:51:17 GMT" time="1.405" errors="0">
  <testcase name="negative_NoInput" time="0.214" classname="com.tests.SauceDemoTest"/>
  <testcase name="negative_onlyUname_input" time="0.234" classname="com.tests.SauceDemoTest"/>
  <testcase name="negative_Uname_input_OnlyCharas" time="0.272" classname="com.tests.SauceDemoTest"/>
  <testcase name="negative_Uname_input_OnlySpl_Chars" time="0.240" classname="com.tests.SauceDemoTest"/>
  <testcase name="negative_Uname_input_Only_Numericals" time="0.222" classname="com.tests.SauceDemoTest"/>
  <testcase name="negativeTest_Username_input_Numericals_and_SpecialChars" time="0.223" classname="com.tests.SauceDemoTest"/>
</testsuite> <!-- com.tests.SauceDemoTest -->
